<?xml version="1.0" encoding="UTF-8"?>

<mule xmlns:xsi="http://www.w3.org/2001/XMLSchema-instance"
	xmlns:munit="http://www.mulesoft.org/schema/mule/munit" xmlns:munit-tools="http://www.mulesoft.org/schema/mule/munit-tools"
	xmlns="http://www.mulesoft.org/schema/mule/core" xmlns:doc="http://www.mulesoft.org/schema/mule/documentation"
	xsi:schemaLocation="
		http://www.mulesoft.org/schema/mule/core http://www.mulesoft.org/schema/mule/core/current/mule.xsd
		http://www.mulesoft.org/schema/mule/munit http://www.mulesoft.org/schema/mule/munit/current/mule-munit.xsd
		http://www.mulesoft.org/schema/mule/munit-tools  http://www.mulesoft.org/schema/mule/munit-tools/current/mule-munit-tools.xsd">
	<munit:config name="test-app4-for-each-test-suite.xml" />
	<munit:test name="test-app4-for-each-test-suite-test-app4-for-eachFlowTest" doc:id="7f21d43f-cca3-45dc-9ba9-3a212f3b3de5" description="Test">
		<munit:execution >
			<flow-ref doc:name="Flow-ref to test-app4-for-eachFlow" doc:id="43473949-873e-4ff4-be53-81850c5e8003" name="test-app4-for-eachFlow"/>
		</munit:execution>
	</munit:test>


</mule>
