<?xml version="1.0" encoding="UTF-8"?>

<mule xmlns:xsi="http://www.w3.org/2001/XMLSchema-instance"
	xmlns:munit="http://www.mulesoft.org/schema/mule/munit" xmlns:munit-tools="http://www.mulesoft.org/schema/mule/munit-tools"
	xmlns="http://www.mulesoft.org/schema/mule/core" xmlns:doc="http://www.mulesoft.org/schema/mule/documentation"
	xsi:schemaLocation="
		http://www.mulesoft.org/schema/mule/core http://www.mulesoft.org/schema/mule/core/current/mule.xsd
		http://www.mulesoft.org/schema/mule/munit http://www.mulesoft.org/schema/mule/munit/current/mule-munit.xsd
		http://www.mulesoft.org/schema/mule/munit-tools  http://www.mulesoft.org/schema/mule/munit-tools/current/mule-munit-tools.xsd">
	<munit:config name="test-choice-router-test-suite.xml" />
	<munit:test name="test-choice-router-test-suite-test-choice-routerFlowTest" doc:id="a2c0014f-ddac-4281-9599-787c103e9b05" description="Test">
		<munit:execution >
			<flow-ref doc:name="Flow-ref to test-choice-routerFlow" doc:id="ee078164-b918-4329-9f04-0b0ec49a5689" name="test-choice-routerFlow"/>
		</munit:execution>
	</munit:test>


</mule>
